<?xml version="1.0" encoding="UTF-8"?>
<beans xmlns="http://www.springframework.org/schema/beans" xmlns:xsi="http://www.w3.org/2001/XMLSchema-instance"
	xmlns:p="http://www.springframework.org/schema/p" xsi:schemaLocation="http://www.springframework.org/schema/beans http://www.springframework.org/schema/beans/spring-beans-3.2.xsd"
	default-lazy-init="true">

	<description>权限配置</description>

	<bean class="gov.platform.security.domain.Menu" p:name="首页" p:code="INDEX" p:permissionCodeConfig="" p:menuURI="/"
		p:iconURI="" p:cssClass="">

	</bean>

	<!-- 菜单目录 
	<bean class="gov.platform.security.domain.Menu" p:name="系统管理" p:code="SECMGM" p:permissionCodeConfig="" p:menuURI="/security"
		p:iconURI="" p:cssClass="">
		<property name="children">
			<list>
				
				<bean class="gov.platform.security.domain.Menu" p:name="我的配置" p:code="SELF" p:permissionCodeConfig=""
					p:menuURI="" p:iconURI="" p:cssClass="">
					<property name="children">
						<list>
							<bean class="gov.platform.security.domain.Menu" p:name="个人信息" p:code="INFO" p:permissionCodeConfig="SECMGM:SELF:INFO"
								p:menuURI="/security/userinfo/view" p:iconURI="" p:cssClass="">
								<property name="children">
									<list>
										<bean class="gov.platform.security.domain.Menu" p:name="编辑信息" p:code="BASE" p:permissionCodeConfig=""
											p:menuURI="/security/userinfo/view/update" p:iconURI="" p:cssClass="">
										</bean>
										<bean class="gov.platform.security.domain.Menu" p:name="修改密码" p:code="PWD" p:permissionCodeConfig=""
											p:menuURI="/security/userinfo/view/updatePwd" p:iconURI="" p:cssClass="">
										</bean>
									</list>
								</property>
							</bean>
						</list>
					</property>
				</bean>
			</list>
		</property>
	</bean>
	-->


</beans>